Thu Dec 20 11:34:27 CST 2012==start========================
O:\trunk\CODE\esb-extends\esb-extends-pojo/src/main/java/com/deppon/esb/pojo/transformer/jaxb/OrderRightInfoTrans.java
O:\trunk\CODE\esb-extends\esb-extends-pojo/src/main/java/com/deppon/esb/pojo/transformer/jaxb/OrderRightRequestTrans.java
O:\trunk\CODE\esb-extends\esb-extends-pojo/src/main/java/com/deppon/esb/pojo/transformer/jaxb/ReturnVoucherPaymentResultRequestTrans.java
O:\trunk\CODE\esb-extends\esb-extends-pojo/src/main/java/com/deppon/esb/pojo/transformer/jaxb/SiteReceiveRequestTrans.java
O:\trunk\CODE\esb-extends\esb-extends-pojo/src/main/java/com/deppon/esb/pojo/transformer/jaxb/SyncPriceAreaRequestTrans.java
O:\trunk\CODE\esb-extends\esb-extends-pojo/src/main/java/com/deppon/esb/pojo/transformer/jaxb/UpdateOrderRequestTrans.java
O:\trunk\CODE\esb-extends\esb-extends-pojo/src/main/java/com/deppon/esb/pojo/transformer/jaxb/UpdateOrderResponseTrans.java
O:\trunk\CODE\esb-extends\esb-extends-pojo/src/main/java/com/deppon/esb/pojo/transformer/jaxb/RefundBillInfoTrans.java
O:\trunk\CODE\esb-extends\esb-extends-pojo/src/main/java/com/deppon/esb/pojo/transformer/jaxb/SysRefundbillRequestTrans.java
O:\trunk\CODE\esb-extends\esb-extends-pojo/src/main/java/com/deppon/esb/pojo/transformer/jaxb/SysRefundbillResponseTrans.java
O:\trunk\CODE\esb-extends\esb-extends-pojo/src/main/java/com/deppon/esb/pojo/transformer/jaxb/SumBillRequestTrans.java
O:\trunk\CODE\esb-extends\esb-extends-pojo/src/main/java/com/deppon/esb/pojo/transformer/jaxb/SumBillResponseTrans.java
O:\trunk\CODE\esb-extends\esb-extends-pojo/src/main/java/com/deppon/esb/pojo/transformer/jaxb/BankPayInfoTrans.java
O:\trunk\CODE\esb-extends\esb-extends-pojo/src/main/java/com/deppon/esb/pojo/transformer/jaxb/ClaimsPayBillGenerateRequestTrans.java
O:\trunk\CODE\esb-extends\esb-extends-pojo/src/main/java/com/deppon/esb/pojo/transformer/jaxb/ContractInfoTrans.java
O:\trunk\CODE\esb-extends\esb-extends-pojo/src/main/java/com/deppon/esb/pojo/transformer/jaxb/CouponValidateRequestTrans.java
O:\trunk\CODE\esb-extends\esb-extends-pojo/src/main/java/com/deppon/esb/pojo/transformer/jaxb/CouponValidateResponseTrans.java
O:\trunk\CODE\esb-extends\esb-extends-pojo/src/main/java/com/deppon/esb/pojo/transformer/jaxb/CustAddressInfoTrans.java
O:\trunk\CODE\esb-extends\esb-extends-pojo/src/main/java/com/deppon/esb/pojo/transformer/jaxb/CustBankInfoTrans.java
O:\trunk\CODE\esb-extends\esb-extends-pojo/src/main/java/com/deppon/esb/pojo/transformer/jaxb/CustBaseInfoTrans.java
O:\trunk\CODE\esb-extends\esb-extends-pojo/src/main/java/com/deppon/esb/pojo/transformer/jaxb/CustInfoSyncRequestTrans.java
O:\trunk\CODE\esb-extends\esb-extends-pojo/src/main/java/com/deppon/esb/pojo/transformer/jaxb/CustInfoSyncResponseTrans.java
O:\trunk\CODE\esb-extends\esb-extends-pojo/src/main/java/com/deppon/esb/pojo/transformer/jaxb/DepartmentInfoTrans.java
O:\trunk\CODE\esb-extends\esb-extends-pojo/src/main/java/com/deppon/esb/pojo/transformer/jaxb/LinkManAddresInfoTrans.java
O:\trunk\CODE\esb-extends\esb-extends-pojo/src/main/java/com/deppon/esb/pojo/transformer/jaxb/LinkManInfoTrans.java
O:\trunk\CODE\esb-extends\esb-extends-pojo/src/main/java/com/deppon/esb/pojo/transformer/jaxb/ModifyCouponStateRequestTrans.java
O:\trunk\CODE\esb-extends\esb-extends-pojo/src/main/java/com/deppon/esb/pojo/transformer/jaxb/ModifyCouponStateResponseTrans.java
O:\trunk\CODE\esb-extends\esb-extends-pojo/src/main/java/com/deppon/esb/pojo/transformer/jaxb/OrigCustSyncRequestTrans.java
O:\trunk\CODE\esb-extends\esb-extends-pojo/src/main/java/com/deppon/esb/pojo/transformer/jaxb/OrigCustSyncRequestProcessDetailTrans.java
O:\trunk\CODE\esb-extends\esb-extends-pojo/src/main/java/com/deppon/esb/pojo/transformer/jaxb/OrigCustSyncResponseTrans.java
O:\trunk\CODE\esb-extends\esb-extends-pojo/src/main/java/com/deppon/esb/pojo/transformer/jaxb/PreferentialInfoTrans.java
O:\trunk\CODE\esb-extends\esb-extends-pojo/src/main/java/com/deppon/esb/pojo/transformer/jaxb/ProcessDetailTrans.java
O:\trunk\CODE\esb-extends\esb-extends-pojo/src/main/java/com/deppon/esb/pojo/transformer/jaxb/QueryUnSignedRequestTrans.java
O:\trunk\CODE\esb-extends\esb-extends-pojo/src/main/java/com/deppon/esb/pojo/transformer/jaxb/QueryUnSignedResponseTrans.java
O:\trunk\CODE\esb-extends\esb-extends-pojo/src/main/java/com/deppon/esb/pojo/transformer/jaxb/ResponsibilityInfoTrans.java
O:\trunk\CODE\esb-extends\esb-extends-pojo/src/main/java/com/deppon/esb/pojo/transformer/jaxb/ScatterCustBankInfoTrans.java
O:\trunk\CODE\esb-extends\esb-extends-pojo/src/main/java/com/deppon/esb/pojo/transformer/jaxb/ScatterCustInfoTrans.java
O:\trunk\CODE\esb-extends\esb-extends-pojo/src/main/java/com/deppon/esb/pojo/transformer/jaxb/SyncAreaPriceRequestTrans.java
O:\trunk\CODE\esb-extends\esb-extends-pojo/src/main/java/com/deppon/esb/pojo/transformer/jaxb/WayBillDetailTrans.java
O:\trunk\CODE\esb-extends\esb-extends-pojo/src/main/java/com/deppon/esb/pojo/transformer/jaxb/WaybillInfoTrans.java
O:\trunk\CODE\esb-extends\esb-extends-pojo/src/main/java/com/deppon/esb/pojo/transformer/jaxb/BankAccInfoTypeTrans.java
O:\trunk\CODE\esb-extends\esb-extends-pojo/src/main/java/com/deppon/esb/pojo/transformer/jaxb/CashIncomeProcessTypeTrans.java
O:\trunk\CODE\esb-extends\esb-extends-pojo/src/main/java/com/deppon/esb/pojo/transformer/jaxb/CashIncomeRptTypeTrans.java
O:\trunk\CODE\esb-extends\esb-extends-pojo/src/main/java/com/deppon/esb/pojo/transformer/jaxb/InvoiceAmountTypeTrans.java
O:\trunk\CODE\esb-extends\esb-extends-pojo/src/main/java/com/deppon/esb/pojo/transformer/jaxb/InvoiceProcessTypeTrans.java
O:\trunk\CODE\esb-extends\esb-extends-pojo/src/main/java/com/deppon/esb/pojo/transformer/jaxb/SyncPubBankAccProcessTypeTrans.java
O:\trunk\CODE\esb-extends\esb-extends-pojo/src/main/java/com/deppon/esb/pojo/transformer/jaxb/SyncPubBankAccRequestTypeTrans.java
O:\trunk\CODE\esb-extends\esb-extends-pojo/src/main/java/com/deppon/esb/pojo/transformer/jaxb/SyncPubBankAccResponseTypeTrans.java
O:\trunk\CODE\esb-extends\esb-extends-pojo/src/main/java/com/deppon/esb/pojo/transformer/jaxb/UpdateCashincomerpRequestTypeTrans.java
O:\trunk\CODE\esb-extends\esb-extends-pojo/src/main/java/com/deppon/esb/pojo/transformer/jaxb/UpdateCashincomerpResponseTypeTrans.java
O:\trunk\CODE\esb-extends\esb-extends-pojo/src/main/java/com/deppon/esb/pojo/transformer/jaxb/UpdateInvoiceamountRequestTypeTrans.java
O:\trunk\CODE\esb-extends\esb-extends-pojo/src/main/java/com/deppon/esb/pojo/transformer/jaxb/UpdateInvoiceamountResponseTypeTrans.java
O:\trunk\CODE\esb-extends\esb-extends-pojo/src/main/java/com/deppon/esb/pojo/transformer/jaxb/VerifyBadBebtsRequestTrans.java
O:\trunk\CODE\esb-extends\esb-extends-pojo/src/main/java/com/deppon/esb/pojo/transformer/jaxb/VerifyBadBebtsResponseTrans.java
O:\trunk\CODE\esb-extends\esb-extends-pojo/src/main/java/com/deppon/esb/pojo/transformer/jaxb/CashIncomeInfoTrans.java
O:\trunk\CODE\esb-extends\esb-extends-pojo/src/main/java/com/deppon/esb/pojo/transformer/jaxb/ResultInfoTrans.java
O:\trunk\CODE\esb-extends\esb-extends-pojo/src/main/java/com/deppon/esb/pojo/transformer/jaxb/UploadCashIncomeRequestTrans.java
O:\trunk\CODE\esb-extends\esb-extends-pojo/src/main/java/com/deppon/esb/pojo/transformer/jaxb/UploadCashIncomeResponseTrans.java
O:\trunk\CODE\esb-extends\esb-extends-pojo/src/main/java/com/deppon/esb/pojo/transformer/jaxb/AirRptResultTrans.java
O:\trunk\CODE\esb-extends\esb-extends-pojo/src/main/java/com/deppon/esb/pojo/transformer/jaxb/AirRptResultDetailTrans.java
O:\trunk\CODE\esb-extends\esb-extends-pojo/src/main/java/com/deppon/esb/pojo/transformer/jaxb/ArriveRptResultTrans.java
O:\trunk\CODE\esb-extends\esb-extends-pojo/src/main/java/com/deppon/esb/pojo/transformer/jaxb/ArriveRptResultDetailTrans.java
O:\trunk\CODE\esb-extends\esb-extends-pojo/src/main/java/com/deppon/esb/pojo/transformer/jaxb/FossAirRptRequestTrans.java
O:\trunk\CODE\esb-extends\esb-extends-pojo/src/main/java/com/deppon/esb/pojo/transformer/jaxb/FossAirRptResponseTrans.java
O:\trunk\CODE\esb-extends\esb-extends-pojo/src/main/java/com/deppon/esb/pojo/transformer/jaxb/FossArriveRptRequestTrans.java
O:\trunk\CODE\esb-extends\esb-extends-pojo/src/main/java/com/deppon/esb/pojo/transformer/jaxb/FossArriveRptResponseTrans.java
O:\trunk\CODE\esb-extends\esb-extends-pojo/src/main/java/com/deppon/esb/pojo/transformer/jaxb/FossFundinComeAirRptRequestTrans.java
O:\trunk\CODE\esb-extends\esb-extends-pojo/src/main/java/com/deppon/esb/pojo/transformer/jaxb/FossFundinComeAirRptResponseTrans.java
O:\trunk\CODE\esb-extends\esb-extends-pojo/src/main/java/com/deppon/esb/pojo/transformer/jaxb/FossFundinComeOwnTruckRptRequestTrans.java
O:\trunk\CODE\esb-extends\esb-extends-pojo/src/main/java/com/deppon/esb/pojo/transformer/jaxb/FossFundinComeOwnTruckRptResponseTrans.java
O:\trunk\CODE\esb-extends\esb-extends-pojo/src/main/java/com/deppon/esb/pojo/transformer/jaxb/FossFundinComeVehicleProxyRptRequestTrans.java
O:\trunk\CODE\esb-extends\esb-extends-pojo/src/main/java/com/deppon/esb/pojo/transformer/jaxb/FossFundinComeVehicleProxyRptResponseTrans.java
O:\trunk\CODE\esb-extends\esb-extends-pojo/src/main/java/com/deppon/esb/pojo/transformer/jaxb/FossStartRptRequestTrans.java
O:\trunk\CODE\esb-extends\esb-extends-pojo/src/main/java/com/deppon/esb/pojo/transformer/jaxb/FossStartRptResponseTrans.java
O:\trunk\CODE\esb-extends\esb-extends-pojo/src/main/java/com/deppon/esb/pojo/transformer/jaxb/FossVehicleProxyRptRequestTrans.java
O:\trunk\CODE\esb-extends\esb-extends-pojo/src/main/java/com/deppon/esb/pojo/transformer/jaxb/FossVehicleProxyRptResponseTrans.java
O:\trunk\CODE\esb-extends\esb-extends-pojo/src/main/java/com/deppon/esb/pojo/transformer/jaxb/FundinComeAirRptResultTrans.java
O:\trunk\CODE\esb-extends\esb-extends-pojo/src/main/java/com/deppon/esb/pojo/transformer/jaxb/FundinComeAirRptResultDetailTrans.java
O:\trunk\CODE\esb-extends\esb-extends-pojo/src/main/java/com/deppon/esb/pojo/transformer/jaxb/FundinComeOwnTruckRptResultTrans.java
O:\trunk\CODE\esb-extends\esb-extends-pojo/src/main/java/com/deppon/esb/pojo/transformer/jaxb/FundinComeOwnTruckRptResultDetailTrans.java
O:\trunk\CODE\esb-extends\esb-extends-pojo/src/main/java/com/deppon/esb/pojo/transformer/jaxb/FundinComeVehicleProxyRptResultTrans.java
O:\trunk\CODE\esb-extends\esb-extends-pojo/src/main/java/com/deppon/esb/pojo/transformer/jaxb/FundinComeVehicleProxyRptResultDetailTrans.java
O:\trunk\CODE\esb-extends\esb-extends-pojo/src/main/java/com/deppon/esb/pojo/transformer/jaxb/StartRptResultTrans.java
O:\trunk\CODE\esb-extends\esb-extends-pojo/src/main/java/com/deppon/esb/pojo/transformer/jaxb/StartRptResultDetailTrans.java
O:\trunk\CODE\esb-extends\esb-extends-pojo/src/main/java/com/deppon/esb/pojo/transformer/jaxb/VehicleProxyRptResultTrans.java
O:\trunk\CODE\esb-extends\esb-extends-pojo/src/main/java/com/deppon/esb/pojo/transformer/jaxb/VehicleProxyRptResultDetailTrans.java
O:\trunk\CODE\esb-extends\esb-extends-pojo/src/main/java/com/deppon/esb/pojo/transformer/jaxb/BankInfoTrans.java
O:\trunk\CODE\esb-extends\esb-extends-pojo/src/main/java/com/deppon/esb/pojo/transformer/jaxb/BankInfoNotificationRequestTrans.java
O:\trunk\CODE\esb-extends\esb-extends-pojo/src/main/java/com/deppon/esb/pojo/transformer/jaxb/BankInfoNotificationResponseTrans.java
O:\trunk\CODE\esb-extends\esb-extends-pojo/src/main/java/com/deppon/esb/pojo/transformer/jaxb/BankInfoProcessResultTrans.java
O:\trunk\CODE\esb-extends\esb-extends-pojo/src/main/java/com/deppon/esb/pojo/transformer/jaxb/CallCreatePaymentBillWorkflowFossRequestTrans.java
O:\trunk\CODE\esb-extends\esb-extends-pojo/src/main/java/com/deppon/esb/pojo/transformer/jaxb/CallCreatePaymentBillWorkflowFossResponseTrans.java
O:\trunk\CODE\esb-extends\esb-extends-pojo/src/main/java/com/deppon/esb/pojo/transformer/jaxb/PayeeInfoTrans.java
O:\trunk\CODE\esb-extends\esb-extends-pojo/src/main/java/com/deppon/esb/pojo/transformer/jaxb/PayeeInfoNotificationRequestTrans.java
O:\trunk\CODE\esb-extends\esb-extends-pojo/src/main/java/com/deppon/esb/pojo/transformer/jaxb/PayeeInfoNotificationResponseTrans.java
O:\trunk\CODE\esb-extends\esb-extends-pojo/src/main/java/com/deppon/esb/pojo/transformer/jaxb/PayeeInfoProcessResultTrans.java
O:\trunk\CODE\esb-extends\esb-extends-pojo/src/main/java/com/deppon/esb/pojo/transformer/jaxb/PaymentAuditStatusRequestTrans.java
O:\trunk\CODE\esb-extends\esb-extends-pojo/src/main/java/com/deppon/esb/pojo/transformer/jaxb/PaymentAuditStatusResponseTrans.java
O:\trunk\CODE\esb-extends\esb-extends-pojo/src/main/java/com/deppon/esb/pojo/transformer/jaxb/PaymentResultNotificationRequestTrans.java
O:\trunk\CODE\esb-extends\esb-extends-pojo/src/main/java/com/deppon/esb/pojo/transformer/jaxb/PaymentResultNotificationResponseTrans.java
O:\trunk\CODE\esb-extends\esb-extends-pojo/src/main/java/com/deppon/esb/pojo/transformer/jaxb/ProvinceCityInfoTrans.java
O:\trunk\CODE\esb-extends\esb-extends-pojo/src/main/java/com/deppon/esb/pojo/transformer/jaxb/ProvinceCityInfoNotificationRequestTrans.java
O:\trunk\CODE\esb-extends\esb-extends-pojo/src/main/java/com/deppon/esb/pojo/transformer/jaxb/ProvinceCityInfoNotificationResponseTrans.java
O:\trunk\CODE\esb-extends\esb-extends-pojo/src/main/java/com/deppon/esb/pojo/transformer/jaxb/ProvinceCityInfoProcessResultTrans.java
O:\trunk\CODE\esb-extends\esb-extends-pojo/src/main/java/com/deppon/esb/pojo/transformer/jaxb/RemittanceStatusTrans.java
O:\trunk\CODE\esb-extends\esb-extends-pojo/src/main/java/com/deppon/esb/pojo/transformer/jaxb/RemittanceStatusNotificationTrans.java
O:\trunk\CODE\esb-extends\esb-extends-pojo/src/main/java/com/deppon/esb/pojo/transformer/jaxb/SendResultInfoTrans.java
O:\trunk\CODE\esb-extends\esb-extends-pojo/src/main/java/com/deppon/esb/pojo/transformer/jaxb/SMSProcessResultNotificationRequestTrans.java
O:\trunk\CODE\esb-extends\esb-extends-pojo/src/main/java/com/deppon/esb/pojo/transformer/jaxb/CarBrandInfoTrans.java
O:\trunk\CODE\esb-extends\esb-extends-pojo/src/main/java/com/deppon/esb/pojo/transformer/jaxb/CarBrandSyncProcessDetailTrans.java
O:\trunk\CODE\esb-extends\esb-extends-pojo/src/main/java/com/deppon/esb/pojo/transformer/jaxb/CarBrandSyncRequestTrans.java
O:\trunk\CODE\esb-extends\esb-extends-pojo/src/main/java/com/deppon/esb/pojo/transformer/jaxb/CarBrandSyncResponseTrans.java
O:\trunk\CODE\esb-extends\esb-extends-pojo/src/main/java/com/deppon/esb/pojo/transformer/jaxb/CarLengthInfoTrans.java
O:\trunk\CODE\esb-extends\esb-extends-pojo/src/main/java/com/deppon/esb/pojo/transformer/jaxb/CarLengthSyncProcessDetailTrans.java
O:\trunk\CODE\esb-extends\esb-extends-pojo/src/main/java/com/deppon/esb/pojo/transformer/jaxb/CarLengthSyncRequestTrans.java
O:\trunk\CODE\esb-extends\esb-extends-pojo/src/main/java/com/deppon/esb/pojo/transformer/jaxb/CarLengthSyncResponseTrans.java
O:\trunk\CODE\esb-extends\esb-extends-pojo/src/main/java/com/deppon/esb/pojo/transformer/jaxb/CarRuncationRequestTrans.java
O:\trunk\CODE\esb-extends\esb-extends-pojo/src/main/java/com/deppon/esb/pojo/transformer/jaxb/CarRuncationResponseTrans.java
O:\trunk\CODE\esb-extends\esb-extends-pojo/src/main/java/com/deppon/esb/pojo/transformer/jaxb/CarRunDisposeResultTrans.java
O:\trunk\CODE\esb-extends\esb-extends-pojo/src/main/java/com/deppon/esb/pojo/transformer/jaxb/CarRunInfoTrans.java
O:\trunk\CODE\esb-extends\esb-extends-pojo/src/main/java/com/deppon/esb/pojo/transformer/jaxb/CarStateInfoTrans.java
O:\trunk\CODE\esb-extends\esb-extends-pojo/src/main/java/com/deppon/esb/pojo/transformer/jaxb/CarStateInfocationRequestTrans.java
O:\trunk\CODE\esb-extends\esb-extends-pojo/src/main/java/com/deppon/esb/pojo/transformer/jaxb/CarStateInfocationResponseTrans.java
O:\trunk\CODE\esb-extends\esb-extends-pojo/src/main/java/com/deppon/esb/pojo/transformer/jaxb/CarStateInfoDisposeReultTrans.java
O:\trunk\CODE\esb-extends\esb-extends-pojo/src/main/java/com/deppon/esb/pojo/transformer/jaxb/CarStopPlanInfoTrans.java
O:\trunk\CODE\esb-extends\esb-extends-pojo/src/main/java/com/deppon/esb/pojo/transformer/jaxb/CarStopPlanProcessDetailTrans.java
O:\trunk\CODE\esb-extends\esb-extends-pojo/src/main/java/com/deppon/esb/pojo/transformer/jaxb/CarStopPlanRequestTrans.java
O:\trunk\CODE\esb-extends\esb-extends-pojo/src/main/java/com/deppon/esb/pojo/transformer/jaxb/CarStopPlanResponseTrans.java
O:\trunk\CODE\esb-extends\esb-extends-pojo/src/main/java/com/deppon/esb/pojo/transformer/jaxb/CarStopReasonInfoTrans.java
O:\trunk\CODE\esb-extends\esb-extends-pojo/src/main/java/com/deppon/esb/pojo/transformer/jaxb/CarStopReasonProcessDetailTrans.java
O:\trunk\CODE\esb-extends\esb-extends-pojo/src/main/java/com/deppon/esb/pojo/transformer/jaxb/CarStopReasonRequestTrans.java
O:\trunk\CODE\esb-extends\esb-extends-pojo/src/main/java/com/deppon/esb/pojo/transformer/jaxb/CarStopReasonResponseTrans.java
O:\trunk\CODE\esb-extends\esb-extends-pojo/src/main/java/com/deppon/esb/pojo/transformer/jaxb/DriverInfoTrans.java
O:\trunk\CODE\esb-extends\esb-extends-pojo/src/main/java/com/deppon/esb/pojo/transformer/jaxb/DriverSyncProcessDetailTrans.java
O:\trunk\CODE\esb-extends\esb-extends-pojo/src/main/java/com/deppon/esb/pojo/transformer/jaxb/DriverSyncRequestTrans.java
O:\trunk\CODE\esb-extends\esb-extends-pojo/src/main/java/com/deppon/esb/pojo/transformer/jaxb/DriverSyncResponseTrans.java
O:\trunk\CODE\esb-extends\esb-extends-pojo/src/main/java/com/deppon/esb/pojo/transformer/jaxb/OilCostSyncRequestTrans.java
O:\trunk\CODE\esb-extends\esb-extends-pojo/src/main/java/com/deppon/esb/pojo/transformer/jaxb/OilCostSyncResponseTrans.java
O:\trunk\CODE\esb-extends\esb-extends-pojo/src/main/java/com/deppon/esb/pojo/transformer/jaxb/SiteInfoTrans.java
O:\trunk\CODE\esb-extends\esb-extends-pojo/src/main/java/com/deppon/esb/pojo/transformer/jaxb/SiteInfocationRequestTrans.java
O:\trunk\CODE\esb-extends\esb-extends-pojo/src/main/java/com/deppon/esb/pojo/transformer/jaxb/SiteInfocationResponseTrans.java
O:\trunk\CODE\esb-extends\esb-extends-pojo/src/main/java/com/deppon/esb/pojo/transformer/jaxb/SiteInfoDisposeReultTrans.java
O:\trunk\CODE\esb-extends\esb-extends-pojo/src/main/java/com/deppon/esb/pojo/transformer/jaxb/TractorInfoTrans.java
O:\trunk\CODE\esb-extends\esb-extends-pojo/src/main/java/com/deppon/esb/pojo/transformer/jaxb/TractorSyncProcessDetailTrans.java
O:\trunk\CODE\esb-extends\esb-extends-pojo/src/main/java/com/deppon/esb/pojo/transformer/jaxb/TractorSyncRequestTrans.java
O:\trunk\CODE\esb-extends\esb-extends-pojo/src/main/java/com/deppon/esb/pojo/transformer/jaxb/TractorSyncResponseTrans.java
O:\trunk\CODE\esb-extends\esb-extends-pojo/src/main/java/com/deppon/esb/pojo/transformer/jaxb/TrailerInfoTrans.java
O:\trunk\CODE\esb-extends\esb-extends-pojo/src/main/java/com/deppon/esb/pojo/transformer/jaxb/TrailerSyncProcessDetailTrans.java
O:\trunk\CODE\esb-extends\esb-extends-pojo/src/main/java/com/deppon/esb/pojo/transformer/jaxb/TrailerSyncRequestTrans.java
O:\trunk\CODE\esb-extends\esb-extends-pojo/src/main/java/com/deppon/esb/pojo/transformer/jaxb/TrailerSyncResponseTrans.java
O:\trunk\CODE\esb-extends\esb-extends-pojo/src/main/java/com/deppon/esb/pojo/transformer/jaxb/TrailerTypeInfoTrans.java
O:\trunk\CODE\esb-extends\esb-extends-pojo/src/main/java/com/deppon/esb/pojo/transformer/jaxb/TrailerTypeSyncProcessDetailTrans.java
O:\trunk\CODE\esb-extends\esb-extends-pojo/src/main/java/com/deppon/esb/pojo/transformer/jaxb/TrailerTypeSyncRequestTrans.java
O:\trunk\CODE\esb-extends\esb-extends-pojo/src/main/java/com/deppon/esb/pojo/transformer/jaxb/TrailerTypeSyncResponseTrans.java
O:\trunk\CODE\esb-extends\esb-extends-pojo/src/main/java/com/deppon/esb/pojo/transformer/jaxb/VanInfoTrans.java
O:\trunk\CODE\esb-extends\esb-extends-pojo/src/main/java/com/deppon/esb/pojo/transformer/jaxb/VanSyncProcessDetailTrans.java
O:\trunk\CODE\esb-extends\esb-extends-pojo/src/main/java/com/deppon/esb/pojo/transformer/jaxb/VanSyncRequestTrans.java
O:\trunk\CODE\esb-extends\esb-extends-pojo/src/main/java/com/deppon/esb/pojo/transformer/jaxb/VanSyncResponseTrans.java
O:\trunk\CODE\esb-extends\esb-extends-pojo/src/main/java/com/deppon/esb/pojo/transformer/jaxb/ThrowfreightRequestTrans.java
O:\trunk\CODE\esb-extends\esb-extends-pojo/src/main/java/com/deppon/esb/pojo/transformer/jaxb/ThrowfreightResponseTrans.java
O:\trunk\CODE\esb-extends\esb-extends-pojo/src/main/java/com/deppon/esb/pojo/transformer/jaxb/GoodsDiscardRequestTrans.java
O:\trunk\CODE\esb-extends\esb-extends-pojo/src/main/java/com/deppon/esb/pojo/transformer/jaxb/AdminOrgInfoTrans.java
O:\trunk\CODE\esb-extends\esb-extends-pojo/src/main/java/com/deppon/esb/pojo/transformer/jaxb/CompanyInfoTrans.java
O:\trunk\CODE\esb-extends\esb-extends-pojo/src/main/java/com/deppon/esb/pojo/transformer/jaxb/DegreeInfoTrans.java
O:\trunk\CODE\esb-extends\esb-extends-pojo/src/main/java/com/deppon/esb/pojo/transformer/jaxb/EmployeeInfoTrans.java
O:\trunk\CODE\esb-extends\esb-extends-pojo/src/main/java/com/deppon/esb/pojo/transformer/jaxb/FinancialOrgInfoTrans.java
O:\trunk\CODE\esb-extends\esb-extends-pojo/src/main/java/com/deppon/esb/pojo/transformer/jaxb/PositionInfoTrans.java
O:\trunk\CODE\esb-extends\esb-extends-pojo/src/main/java/com/deppon/esb/pojo/transformer/jaxb/RoleInfoTrans.java
O:\trunk\CODE\esb-extends\esb-extends-pojo/src/main/java/com/deppon/esb/pojo/transformer/jaxb/SendAdminOrgProcessReultTrans.java
O:\trunk\CODE\esb-extends\esb-extends-pojo/src/main/java/com/deppon/esb/pojo/transformer/jaxb/SendAdminOrgRequestTrans.java
O:\trunk\CODE\esb-extends\esb-extends-pojo/src/main/java/com/deppon/esb/pojo/transformer/jaxb/SendAdminOrgResponseTrans.java
O:\trunk\CODE\esb-extends\esb-extends-pojo/src/main/java/com/deppon/esb/pojo/transformer/jaxb/SendCompanyInfoProcessReultTrans.java
O:\trunk\CODE\esb-extends\esb-extends-pojo/src/main/java/com/deppon/esb/pojo/transformer/jaxb/SendCompanyInfoRequestTrans.java
O:\trunk\CODE\esb-extends\esb-extends-pojo/src/main/java/com/deppon/esb/pojo/transformer/jaxb/SendCompanyInfoResponseTrans.java
O:\trunk\CODE\esb-extends\esb-extends-pojo/src/main/java/com/deppon/esb/pojo/transformer/jaxb/SendDegreeProcessReultTrans.java
O:\trunk\CODE\esb-extends\esb-extends-pojo/src/main/java/com/deppon/esb/pojo/transformer/jaxb/SendDegreeRequestTrans.java
O:\trunk\CODE\esb-extends\esb-extends-pojo/src/main/java/com/deppon/esb/pojo/transformer/jaxb/SendDegreeResponseTrans.java
O:\trunk\CODE\esb-extends\esb-extends-pojo/src/main/java/com/deppon/esb/pojo/transformer/jaxb/SendEmployeeProcessReultTrans.java
O:\trunk\CODE\esb-extends\esb-extends-pojo/src/main/java/com/deppon/esb/pojo/transformer/jaxb/SendEmployeeRequestTrans.java
O:\trunk\CODE\esb-extends\esb-extends-pojo/src/main/java/com/deppon/esb/pojo/transformer/jaxb/SendEmployeeResponseTrans.java
O:\trunk\CODE\esb-extends\esb-extends-pojo/src/main/java/com/deppon/esb/pojo/transformer/jaxb/SendFinancialOrgProcessReultTrans.java
O:\trunk\CODE\esb-extends\esb-extends-pojo/src/main/java/com/deppon/esb/pojo/transformer/jaxb/SendFinancialOrgRequestTrans.java
O:\trunk\CODE\esb-extends\esb-extends-pojo/src/main/java/com/deppon/esb/pojo/transformer/jaxb/SendFinancialOrgResponseTrans.java
O:\trunk\CODE\esb-extends\esb-extends-pojo/src/main/java/com/deppon/esb/pojo/transformer/jaxb/SendPositionProcessReultTrans.java
O:\trunk\CODE\esb-extends\esb-extends-pojo/src/main/java/com/deppon/esb/pojo/transformer/jaxb/SendPositionRequestTrans.java
O:\trunk\CODE\esb-extends\esb-extends-pojo/src/main/java/com/deppon/esb/pojo/transformer/jaxb/SendPositionResponseTrans.java
O:\trunk\CODE\esb-extends\esb-extends-pojo/src/main/java/com/deppon/esb/pojo/transformer/jaxb/SendRoleInfoProcessReultTrans.java
O:\trunk\CODE\esb-extends\esb-extends-pojo/src/main/java/com/deppon/esb/pojo/transformer/jaxb/SendRoleInfoRequestTrans.java
O:\trunk\CODE\esb-extends\esb-extends-pojo/src/main/java/com/deppon/esb/pojo/transformer/jaxb/SendRoleInfoResponseTrans.java
O:\trunk\CODE\esb-extends\esb-extends-pojo/src/main/java/com/deppon/esb/pojo/transformer/jaxb/SendUserInfoProcessReultTrans.java
O:\trunk\CODE\esb-extends\esb-extends-pojo/src/main/java/com/deppon/esb/pojo/transformer/jaxb/SendUserInfoRequestTrans.java
O:\trunk\CODE\esb-extends\esb-extends-pojo/src/main/java/com/deppon/esb/pojo/transformer/jaxb/SendUserInfoResponseTrans.java
O:\trunk\CODE\esb-extends\esb-extends-pojo/src/main/java/com/deppon/esb/pojo/transformer/jaxb/UserInfoTrans.java
O:\trunk\CODE\esb-extends\esb-extends-pojo/src/main/java/com/deppon/esb/pojo/transformer/jaxb/UserRoleInfoTrans.java
O:\trunk\CODE\esb-extends\esb-extends-pojo/src/main/java/com/deppon/esb/pojo/transformer/jaxb/Adapter1Trans.java
Thu Dec 20 11:34:27 CST 2012==end========================Thu Dec 20 11:50:54 CST 2012==start========================
O:\trunk\CODE\esb-extends\esb-extends-pojo/src/main/java/com/deppon/esb/pojo/transformer/jaxb/OrderRightInfoTrans.java
O:\trunk\CODE\esb-extends\esb-extends-pojo/src/main/java/com/deppon/esb/pojo/transformer/jaxb/OrderRightRequestTrans.java
O:\trunk\CODE\esb-extends\esb-extends-pojo/src/main/java/com/deppon/esb/pojo/transformer/jaxb/ReturnVoucherPaymentResultRequestTrans.java
O:\trunk\CODE\esb-extends\esb-extends-pojo/src/main/java/com/deppon/esb/pojo/transformer/jaxb/SiteReceiveRequestTrans.java
O:\trunk\CODE\esb-extends\esb-extends-pojo/src/main/java/com/deppon/esb/pojo/transformer/jaxb/SyncPriceAreaRequestTrans.java
O:\trunk\CODE\esb-extends\esb-extends-pojo/src/main/java/com/deppon/esb/pojo/transformer/jaxb/UpdateOrderRequestTrans.java
O:\trunk\CODE\esb-extends\esb-extends-pojo/src/main/java/com/deppon/esb/pojo/transformer/jaxb/UpdateOrderResponseTrans.java
O:\trunk\CODE\esb-extends\esb-extends-pojo/src/main/java/com/deppon/esb/pojo/transformer/jaxb/RefundBillInfoTrans.java
O:\trunk\CODE\esb-extends\esb-extends-pojo/src/main/java/com/deppon/esb/pojo/transformer/jaxb/SysRefundbillRequestTrans.java
O:\trunk\CODE\esb-extends\esb-extends-pojo/src/main/java/com/deppon/esb/pojo/transformer/jaxb/SysRefundbillResponseTrans.java
O:\trunk\CODE\esb-extends\esb-extends-pojo/src/main/java/com/deppon/esb/pojo/transformer/jaxb/SumBillRequestTrans.java
O:\trunk\CODE\esb-extends\esb-extends-pojo/src/main/java/com/deppon/esb/pojo/transformer/jaxb/SumBillResponseTrans.java
O:\trunk\CODE\esb-extends\esb-extends-pojo/src/main/java/com/deppon/esb/pojo/transformer/jaxb/BankPayInfoTrans.java
O:\trunk\CODE\esb-extends\esb-extends-pojo/src/main/java/com/deppon/esb/pojo/transformer/jaxb/ClaimsPayBillGenerateRequestTrans.java
O:\trunk\CODE\esb-extends\esb-extends-pojo/src/main/java/com/deppon/esb/pojo/transformer/jaxb/ContractInfoTrans.java
O:\trunk\CODE\esb-extends\esb-extends-pojo/src/main/java/com/deppon/esb/pojo/transformer/jaxb/CouponValidateRequestTrans.java
O:\trunk\CODE\esb-extends\esb-extends-pojo/src/main/java/com/deppon/esb/pojo/transformer/jaxb/CouponValidateResponseTrans.java
O:\trunk\CODE\esb-extends\esb-extends-pojo/src/main/java/com/deppon/esb/pojo/transformer/jaxb/CustAddressInfoTrans.java
O:\trunk\CODE\esb-extends\esb-extends-pojo/src/main/java/com/deppon/esb/pojo/transformer/jaxb/CustBankInfoTrans.java
O:\trunk\CODE\esb-extends\esb-extends-pojo/src/main/java/com/deppon/esb/pojo/transformer/jaxb/CustBaseInfoTrans.java
O:\trunk\CODE\esb-extends\esb-extends-pojo/src/main/java/com/deppon/esb/pojo/transformer/jaxb/CustInfoSyncRequestTrans.java
O:\trunk\CODE\esb-extends\esb-extends-pojo/src/main/java/com/deppon/esb/pojo/transformer/jaxb/CustInfoSyncResponseTrans.java
O:\trunk\CODE\esb-extends\esb-extends-pojo/src/main/java/com/deppon/esb/pojo/transformer/jaxb/DepartmentInfoTrans.java
O:\trunk\CODE\esb-extends\esb-extends-pojo/src/main/java/com/deppon/esb/pojo/transformer/jaxb/LinkManAddresInfoTrans.java
O:\trunk\CODE\esb-extends\esb-extends-pojo/src/main/java/com/deppon/esb/pojo/transformer/jaxb/LinkManInfoTrans.java
O:\trunk\CODE\esb-extends\esb-extends-pojo/src/main/java/com/deppon/esb/pojo/transformer/jaxb/ModifyCouponStateRequestTrans.java
O:\trunk\CODE\esb-extends\esb-extends-pojo/src/main/java/com/deppon/esb/pojo/transformer/jaxb/ModifyCouponStateResponseTrans.java
O:\trunk\CODE\esb-extends\esb-extends-pojo/src/main/java/com/deppon/esb/pojo/transformer/jaxb/OrigCustSyncRequestTrans.java
O:\trunk\CODE\esb-extends\esb-extends-pojo/src/main/java/com/deppon/esb/pojo/transformer/jaxb/OrigCustSyncRequestProcessDetailTrans.java
O:\trunk\CODE\esb-extends\esb-extends-pojo/src/main/java/com/deppon/esb/pojo/transformer/jaxb/OrigCustSyncResponseTrans.java
O:\trunk\CODE\esb-extends\esb-extends-pojo/src/main/java/com/deppon/esb/pojo/transformer/jaxb/PreferentialInfoTrans.java
O:\trunk\CODE\esb-extends\esb-extends-pojo/src/main/java/com/deppon/esb/pojo/transformer/jaxb/ProcessDetailTrans.java
O:\trunk\CODE\esb-extends\esb-extends-pojo/src/main/java/com/deppon/esb/pojo/transformer/jaxb/QueryUnSignedRequestTrans.java
O:\trunk\CODE\esb-extends\esb-extends-pojo/src/main/java/com/deppon/esb/pojo/transformer/jaxb/QueryUnSignedResponseTrans.java
O:\trunk\CODE\esb-extends\esb-extends-pojo/src/main/java/com/deppon/esb/pojo/transformer/jaxb/ResponsibilityInfoTrans.java
O:\trunk\CODE\esb-extends\esb-extends-pojo/src/main/java/com/deppon/esb/pojo/transformer/jaxb/ScatterCustBankInfoTrans.java
O:\trunk\CODE\esb-extends\esb-extends-pojo/src/main/java/com/deppon/esb/pojo/transformer/jaxb/ScatterCustInfoTrans.java
O:\trunk\CODE\esb-extends\esb-extends-pojo/src/main/java/com/deppon/esb/pojo/transformer/jaxb/SyncAreaPriceRequestTrans.java
O:\trunk\CODE\esb-extends\esb-extends-pojo/src/main/java/com/deppon/esb/pojo/transformer/jaxb/WayBillDetailTrans.java
O:\trunk\CODE\esb-extends\esb-extends-pojo/src/main/java/com/deppon/esb/pojo/transformer/jaxb/WaybillInfoTrans.java
O:\trunk\CODE\esb-extends\esb-extends-pojo/src/main/java/com/deppon/esb/pojo/transformer/jaxb/BankAccInfoTypeTrans.java
O:\trunk\CODE\esb-extends\esb-extends-pojo/src/main/java/com/deppon/esb/pojo/transformer/jaxb/CashIncomeProcessTypeTrans.java
O:\trunk\CODE\esb-extends\esb-extends-pojo/src/main/java/com/deppon/esb/pojo/transformer/jaxb/CashIncomeRptTypeTrans.java
O:\trunk\CODE\esb-extends\esb-extends-pojo/src/main/java/com/deppon/esb/pojo/transformer/jaxb/InvoiceAmountTypeTrans.java
O:\trunk\CODE\esb-extends\esb-extends-pojo/src/main/java/com/deppon/esb/pojo/transformer/jaxb/InvoiceProcessTypeTrans.java
O:\trunk\CODE\esb-extends\esb-extends-pojo/src/main/java/com/deppon/esb/pojo/transformer/jaxb/SyncPubBankAccProcessTypeTrans.java
O:\trunk\CODE\esb-extends\esb-extends-pojo/src/main/java/com/deppon/esb/pojo/transformer/jaxb/SyncPubBankAccRequestTypeTrans.java
O:\trunk\CODE\esb-extends\esb-extends-pojo/src/main/java/com/deppon/esb/pojo/transformer/jaxb/SyncPubBankAccResponseTypeTrans.java
O:\trunk\CODE\esb-extends\esb-extends-pojo/src/main/java/com/deppon/esb/pojo/transformer/jaxb/UpdateCashincomerpRequestTypeTrans.java
O:\trunk\CODE\esb-extends\esb-extends-pojo/src/main/java/com/deppon/esb/pojo/transformer/jaxb/UpdateCashincomerpResponseTypeTrans.java
O:\trunk\CODE\esb-extends\esb-extends-pojo/src/main/java/com/deppon/esb/pojo/transformer/jaxb/UpdateInvoiceamountRequestTypeTrans.java
O:\trunk\CODE\esb-extends\esb-extends-pojo/src/main/java/com/deppon/esb/pojo/transformer/jaxb/UpdateInvoiceamountResponseTypeTrans.java
O:\trunk\CODE\esb-extends\esb-extends-pojo/src/main/java/com/deppon/esb/pojo/transformer/jaxb/VerifyBadBebtsRequestTrans.java
O:\trunk\CODE\esb-extends\esb-extends-pojo/src/main/java/com/deppon/esb/pojo/transformer/jaxb/VerifyBadBebtsResponseTrans.java
O:\trunk\CODE\esb-extends\esb-extends-pojo/src/main/java/com/deppon/esb/pojo/transformer/jaxb/CashIncomeInfoTrans.java
O:\trunk\CODE\esb-extends\esb-extends-pojo/src/main/java/com/deppon/esb/pojo/transformer/jaxb/ResultInfoTrans.java
O:\trunk\CODE\esb-extends\esb-extends-pojo/src/main/java/com/deppon/esb/pojo/transformer/jaxb/UploadCashIncomeRequestTrans.java
O:\trunk\CODE\esb-extends\esb-extends-pojo/src/main/java/com/deppon/esb/pojo/transformer/jaxb/UploadCashIncomeResponseTrans.java
O:\trunk\CODE\esb-extends\esb-extends-pojo/src/main/java/com/deppon/esb/pojo/transformer/jaxb/AirRptResultTrans.java
O:\trunk\CODE\esb-extends\esb-extends-pojo/src/main/java/com/deppon/esb/pojo/transformer/jaxb/AirRptResultDetailTrans.java
O:\trunk\CODE\esb-extends\esb-extends-pojo/src/main/java/com/deppon/esb/pojo/transformer/jaxb/ArriveRptResultTrans.java
O:\trunk\CODE\esb-extends\esb-extends-pojo/src/main/java/com/deppon/esb/pojo/transformer/jaxb/ArriveRptResultDetailTrans.java
O:\trunk\CODE\esb-extends\esb-extends-pojo/src/main/java/com/deppon/esb/pojo/transformer/jaxb/FossAirRptRequestTrans.java
O:\trunk\CODE\esb-extends\esb-extends-pojo/src/main/java/com/deppon/esb/pojo/transformer/jaxb/FossAirRptResponseTrans.java
O:\trunk\CODE\esb-extends\esb-extends-pojo/src/main/java/com/deppon/esb/pojo/transformer/jaxb/FossArriveRptRequestTrans.java
O:\trunk\CODE\esb-extends\esb-extends-pojo/src/main/java/com/deppon/esb/pojo/transformer/jaxb/FossArriveRptResponseTrans.java
O:\trunk\CODE\esb-extends\esb-extends-pojo/src/main/java/com/deppon/esb/pojo/transformer/jaxb/FossFundinComeAirRptRequestTrans.java
O:\trunk\CODE\esb-extends\esb-extends-pojo/src/main/java/com/deppon/esb/pojo/transformer/jaxb/FossFundinComeAirRptResponseTrans.java
O:\trunk\CODE\esb-extends\esb-extends-pojo/src/main/java/com/deppon/esb/pojo/transformer/jaxb/FossFundinComeOwnTruckRptRequestTrans.java
O:\trunk\CODE\esb-extends\esb-extends-pojo/src/main/java/com/deppon/esb/pojo/transformer/jaxb/FossFundinComeOwnTruckRptResponseTrans.java
O:\trunk\CODE\esb-extends\esb-extends-pojo/src/main/java/com/deppon/esb/pojo/transformer/jaxb/FossFundinComeVehicleProxyRptRequestTrans.java
O:\trunk\CODE\esb-extends\esb-extends-pojo/src/main/java/com/deppon/esb/pojo/transformer/jaxb/FossFundinComeVehicleProxyRptResponseTrans.java
O:\trunk\CODE\esb-extends\esb-extends-pojo/src/main/java/com/deppon/esb/pojo/transformer/jaxb/FossStartRptRequestTrans.java
O:\trunk\CODE\esb-extends\esb-extends-pojo/src/main/java/com/deppon/esb/pojo/transformer/jaxb/FossStartRptResponseTrans.java
O:\trunk\CODE\esb-extends\esb-extends-pojo/src/main/java/com/deppon/esb/pojo/transformer/jaxb/FossVehicleProxyRptRequestTrans.java
O:\trunk\CODE\esb-extends\esb-extends-pojo/src/main/java/com/deppon/esb/pojo/transformer/jaxb/FossVehicleProxyRptResponseTrans.java
O:\trunk\CODE\esb-extends\esb-extends-pojo/src/main/java/com/deppon/esb/pojo/transformer/jaxb/FundinComeAirRptResultTrans.java
O:\trunk\CODE\esb-extends\esb-extends-pojo/src/main/java/com/deppon/esb/pojo/transformer/jaxb/FundinComeAirRptResultDetailTrans.java
O:\trunk\CODE\esb-extends\esb-extends-pojo/src/main/java/com/deppon/esb/pojo/transformer/jaxb/FundinComeOwnTruckRptResultTrans.java
O:\trunk\CODE\esb-extends\esb-extends-pojo/src/main/java/com/deppon/esb/pojo/transformer/jaxb/FundinComeOwnTruckRptResultDetailTrans.java
O:\trunk\CODE\esb-extends\esb-extends-pojo/src/main/java/com/deppon/esb/pojo/transformer/jaxb/FundinComeVehicleProxyRptResultTrans.java
O:\trunk\CODE\esb-extends\esb-extends-pojo/src/main/java/com/deppon/esb/pojo/transformer/jaxb/FundinComeVehicleProxyRptResultDetailTrans.java
O:\trunk\CODE\esb-extends\esb-extends-pojo/src/main/java/com/deppon/esb/pojo/transformer/jaxb/StartRptResultTrans.java
O:\trunk\CODE\esb-extends\esb-extends-pojo/src/main/java/com/deppon/esb/pojo/transformer/jaxb/StartRptResultDetailTrans.java
O:\trunk\CODE\esb-extends\esb-extends-pojo/src/main/java/com/deppon/esb/pojo/transformer/jaxb/VehicleProxyRptResultTrans.java
O:\trunk\CODE\esb-extends\esb-extends-pojo/src/main/java/com/deppon/esb/pojo/transformer/jaxb/VehicleProxyRptResultDetailTrans.java
O:\trunk\CODE\esb-extends\esb-extends-pojo/src/main/java/com/deppon/esb/pojo/transformer/jaxb/BankInfoTrans.java
O:\trunk\CODE\esb-extends\esb-extends-pojo/src/main/java/com/deppon/esb/pojo/transformer/jaxb/BankInfoNotificationRequestTrans.java
O:\trunk\CODE\esb-extends\esb-extends-pojo/src/main/java/com/deppon/esb/pojo/transformer/jaxb/BankInfoNotificationResponseTrans.java
O:\trunk\CODE\esb-extends\esb-extends-pojo/src/main/java/com/deppon/esb/pojo/transformer/jaxb/BankInfoProcessResultTrans.java
O:\trunk\CODE\esb-extends\esb-extends-pojo/src/main/java/com/deppon/esb/pojo/transformer/jaxb/CallCreatePaymentBillWorkflowFossRequestTrans.java
O:\trunk\CODE\esb-extends\esb-extends-pojo/src/main/java/com/deppon/esb/pojo/transformer/jaxb/CallCreatePaymentBillWorkflowFossResponseTrans.java
O:\trunk\CODE\esb-extends\esb-extends-pojo/src/main/java/com/deppon/esb/pojo/transformer/jaxb/PayeeInfoTrans.java
O:\trunk\CODE\esb-extends\esb-extends-pojo/src/main/java/com/deppon/esb/pojo/transformer/jaxb/PayeeInfoNotificationRequestTrans.java
O:\trunk\CODE\esb-extends\esb-extends-pojo/src/main/java/com/deppon/esb/pojo/transformer/jaxb/PayeeInfoNotificationResponseTrans.java
O:\trunk\CODE\esb-extends\esb-extends-pojo/src/main/java/com/deppon/esb/pojo/transformer/jaxb/PayeeInfoProcessResultTrans.java
O:\trunk\CODE\esb-extends\esb-extends-pojo/src/main/java/com/deppon/esb/pojo/transformer/jaxb/PaymentAuditStatusRequestTrans.java
O:\trunk\CODE\esb-extends\esb-extends-pojo/src/main/java/com/deppon/esb/pojo/transformer/jaxb/PaymentAuditStatusResponseTrans.java
O:\trunk\CODE\esb-extends\esb-extends-pojo/src/main/java/com/deppon/esb/pojo/transformer/jaxb/PaymentResultNotificationRequestTrans.java
O:\trunk\CODE\esb-extends\esb-extends-pojo/src/main/java/com/deppon/esb/pojo/transformer/jaxb/PaymentResultNotificationResponseTrans.java
O:\trunk\CODE\esb-extends\esb-extends-pojo/src/main/java/com/deppon/esb/pojo/transformer/jaxb/ProvinceCityInfoTrans.java
O:\trunk\CODE\esb-extends\esb-extends-pojo/src/main/java/com/deppon/esb/pojo/transformer/jaxb/ProvinceCityInfoNotificationRequestTrans.java
O:\trunk\CODE\esb-extends\esb-extends-pojo/src/main/java/com/deppon/esb/pojo/transformer/jaxb/ProvinceCityInfoNotificationResponseTrans.java
O:\trunk\CODE\esb-extends\esb-extends-pojo/src/main/java/com/deppon/esb/pojo/transformer/jaxb/ProvinceCityInfoProcessResultTrans.java
O:\trunk\CODE\esb-extends\esb-extends-pojo/src/main/java/com/deppon/esb/pojo/transformer/jaxb/RemittanceStatusTrans.java
O:\trunk\CODE\esb-extends\esb-extends-pojo/src/main/java/com/deppon/esb/pojo/transformer/jaxb/RemittanceStatusNotificationTrans.java
O:\trunk\CODE\esb-extends\esb-extends-pojo/src/main/java/com/deppon/esb/pojo/transformer/jaxb/SendResultInfoTrans.java
O:\trunk\CODE\esb-extends\esb-extends-pojo/src/main/java/com/deppon/esb/pojo/transformer/jaxb/SMSProcessResultNotificationRequestTrans.java
O:\trunk\CODE\esb-extends\esb-extends-pojo/src/main/java/com/deppon/esb/pojo/transformer/jaxb/CarBrandInfoTrans.java
O:\trunk\CODE\esb-extends\esb-extends-pojo/src/main/java/com/deppon/esb/pojo/transformer/jaxb/CarBrandSyncProcessDetailTrans.java
O:\trunk\CODE\esb-extends\esb-extends-pojo/src/main/java/com/deppon/esb/pojo/transformer/jaxb/CarBrandSyncRequestTrans.java
O:\trunk\CODE\esb-extends\esb-extends-pojo/src/main/java/com/deppon/esb/pojo/transformer/jaxb/CarBrandSyncResponseTrans.java
O:\trunk\CODE\esb-extends\esb-extends-pojo/src/main/java/com/deppon/esb/pojo/transformer/jaxb/CarLengthInfoTrans.java
O:\trunk\CODE\esb-extends\esb-extends-pojo/src/main/java/com/deppon/esb/pojo/transformer/jaxb/CarLengthSyncProcessDetailTrans.java
O:\trunk\CODE\esb-extends\esb-extends-pojo/src/main/java/com/deppon/esb/pojo/transformer/jaxb/CarLengthSyncRequestTrans.java
O:\trunk\CODE\esb-extends\esb-extends-pojo/src/main/java/com/deppon/esb/pojo/transformer/jaxb/CarLengthSyncResponseTrans.java
O:\trunk\CODE\esb-extends\esb-extends-pojo/src/main/java/com/deppon/esb/pojo/transformer/jaxb/CarRuncationRequestTrans.java
O:\trunk\CODE\esb-extends\esb-extends-pojo/src/main/java/com/deppon/esb/pojo/transformer/jaxb/CarRuncationResponseTrans.java
O:\trunk\CODE\esb-extends\esb-extends-pojo/src/main/java/com/deppon/esb/pojo/transformer/jaxb/CarRunDisposeResultTrans.java
O:\trunk\CODE\esb-extends\esb-extends-pojo/src/main/java/com/deppon/esb/pojo/transformer/jaxb/CarRunInfoTrans.java
O:\trunk\CODE\esb-extends\esb-extends-pojo/src/main/java/com/deppon/esb/pojo/transformer/jaxb/CarStateInfoTrans.java
O:\trunk\CODE\esb-extends\esb-extends-pojo/src/main/java/com/deppon/esb/pojo/transformer/jaxb/CarStateInfocationRequestTrans.java
O:\trunk\CODE\esb-extends\esb-extends-pojo/src/main/java/com/deppon/esb/pojo/transformer/jaxb/CarStateInfocationResponseTrans.java
O:\trunk\CODE\esb-extends\esb-extends-pojo/src/main/java/com/deppon/esb/pojo/transformer/jaxb/CarStateInfoDisposeReultTrans.java
O:\trunk\CODE\esb-extends\esb-extends-pojo/src/main/java/com/deppon/esb/pojo/transformer/jaxb/CarStopPlanInfoTrans.java
O:\trunk\CODE\esb-extends\esb-extends-pojo/src/main/java/com/deppon/esb/pojo/transformer/jaxb/CarStopPlanProcessDetailTrans.java
O:\trunk\CODE\esb-extends\esb-extends-pojo/src/main/java/com/deppon/esb/pojo/transformer/jaxb/CarStopPlanRequestTrans.java
O:\trunk\CODE\esb-extends\esb-extends-pojo/src/main/java/com/deppon/esb/pojo/transformer/jaxb/CarStopPlanResponseTrans.java
O:\trunk\CODE\esb-extends\esb-extends-pojo/src/main/java/com/deppon/esb/pojo/transformer/jaxb/CarStopReasonInfoTrans.java
O:\trunk\CODE\esb-extends\esb-extends-pojo/src/main/java/com/deppon/esb/pojo/transformer/jaxb/CarStopReasonProcessDetailTrans.java
O:\trunk\CODE\esb-extends\esb-extends-pojo/src/main/java/com/deppon/esb/pojo/transformer/jaxb/CarStopReasonRequestTrans.java
O:\trunk\CODE\esb-extends\esb-extends-pojo/src/main/java/com/deppon/esb/pojo/transformer/jaxb/CarStopReasonResponseTrans.java
O:\trunk\CODE\esb-extends\esb-extends-pojo/src/main/java/com/deppon/esb/pojo/transformer/jaxb/DriverInfoTrans.java
O:\trunk\CODE\esb-extends\esb-extends-pojo/src/main/java/com/deppon/esb/pojo/transformer/jaxb/DriverSyncProcessDetailTrans.java
O:\trunk\CODE\esb-extends\esb-extends-pojo/src/main/java/com/deppon/esb/pojo/transformer/jaxb/DriverSyncRequestTrans.java
O:\trunk\CODE\esb-extends\esb-extends-pojo/src/main/java/com/deppon/esb/pojo/transformer/jaxb/DriverSyncResponseTrans.java
O:\trunk\CODE\esb-extends\esb-extends-pojo/src/main/java/com/deppon/esb/pojo/transformer/jaxb/OilCostSyncRequestTrans.java
O:\trunk\CODE\esb-extends\esb-extends-pojo/src/main/java/com/deppon/esb/pojo/transformer/jaxb/OilCostSyncResponseTrans.java
O:\trunk\CODE\esb-extends\esb-extends-pojo/src/main/java/com/deppon/esb/pojo/transformer/jaxb/SiteInfoTrans.java
O:\trunk\CODE\esb-extends\esb-extends-pojo/src/main/java/com/deppon/esb/pojo/transformer/jaxb/SiteInfocationRequestTrans.java
O:\trunk\CODE\esb-extends\esb-extends-pojo/src/main/java/com/deppon/esb/pojo/transformer/jaxb/SiteInfocationResponseTrans.java
O:\trunk\CODE\esb-extends\esb-extends-pojo/src/main/java/com/deppon/esb/pojo/transformer/jaxb/SiteInfoDisposeReultTrans.java
O:\trunk\CODE\esb-extends\esb-extends-pojo/src/main/java/com/deppon/esb/pojo/transformer/jaxb/TractorInfoTrans.java
O:\trunk\CODE\esb-extends\esb-extends-pojo/src/main/java/com/deppon/esb/pojo/transformer/jaxb/TractorSyncProcessDetailTrans.java
O:\trunk\CODE\esb-extends\esb-extends-pojo/src/main/java/com/deppon/esb/pojo/transformer/jaxb/TractorSyncRequestTrans.java
O:\trunk\CODE\esb-extends\esb-extends-pojo/src/main/java/com/deppon/esb/pojo/transformer/jaxb/TractorSyncResponseTrans.java
O:\trunk\CODE\esb-extends\esb-extends-pojo/src/main/java/com/deppon/esb/pojo/transformer/jaxb/TrailerInfoTrans.java
O:\trunk\CODE\esb-extends\esb-extends-pojo/src/main/java/com/deppon/esb/pojo/transformer/jaxb/TrailerSyncProcessDetailTrans.java
O:\trunk\CODE\esb-extends\esb-extends-pojo/src/main/java/com/deppon/esb/pojo/transformer/jaxb/TrailerSyncRequestTrans.java
O:\trunk\CODE\esb-extends\esb-extends-pojo/src/main/java/com/deppon/esb/pojo/transformer/jaxb/TrailerSyncResponseTrans.java
O:\trunk\CODE\esb-extends\esb-extends-pojo/src/main/java/com/deppon/esb/pojo/transformer/jaxb/TrailerTypeInfoTrans.java
O:\trunk\CODE\esb-extends\esb-extends-pojo/src/main/java/com/deppon/esb/pojo/transformer/jaxb/TrailerTypeSyncProcessDetailTrans.java
O:\trunk\CODE\esb-extends\esb-extends-pojo/src/main/java/com/deppon/esb/pojo/transformer/jaxb/TrailerTypeSyncRequestTrans.java
O:\trunk\CODE\esb-extends\esb-extends-pojo/src/main/java/com/deppon/esb/pojo/transformer/jaxb/TrailerTypeSyncResponseTrans.java
O:\trunk\CODE\esb-extends\esb-extends-pojo/src/main/java/com/deppon/esb/pojo/transformer/jaxb/VanInfoTrans.java
O:\trunk\CODE\esb-extends\esb-extends-pojo/src/main/java/com/deppon/esb/pojo/transformer/jaxb/VanSyncProcessDetailTrans.java
O:\trunk\CODE\esb-extends\esb-extends-pojo/src/main/java/com/deppon/esb/pojo/transformer/jaxb/VanSyncRequestTrans.java
O:\trunk\CODE\esb-extends\esb-extends-pojo/src/main/java/com/deppon/esb/pojo/transformer/jaxb/VanSyncResponseTrans.java
O:\trunk\CODE\esb-extends\esb-extends-pojo/src/main/java/com/deppon/esb/pojo/transformer/jaxb/ThrowfreightRequestTrans.java
O:\trunk\CODE\esb-extends\esb-extends-pojo/src/main/java/com/deppon/esb/pojo/transformer/jaxb/ThrowfreightResponseTrans.java
O:\trunk\CODE\esb-extends\esb-extends-pojo/src/main/java/com/deppon/esb/pojo/transformer/jaxb/GoodsDiscardRequestTrans.java
O:\trunk\CODE\esb-extends\esb-extends-pojo/src/main/java/com/deppon/esb/pojo/transformer/jaxb/AdminOrgInfoTrans.java
O:\trunk\CODE\esb-extends\esb-extends-pojo/src/main/java/com/deppon/esb/pojo/transformer/jaxb/CompanyInfoTrans.java
O:\trunk\CODE\esb-extends\esb-extends-pojo/src/main/java/com/deppon/esb/pojo/transformer/jaxb/DegreeInfoTrans.java
O:\trunk\CODE\esb-extends\esb-extends-pojo/src/main/java/com/deppon/esb/pojo/transformer/jaxb/EmployeeInfoTrans.java
O:\trunk\CODE\esb-extends\esb-extends-pojo/src/main/java/com/deppon/esb/pojo/transformer/jaxb/FinancialOrgInfoTrans.java
O:\trunk\CODE\esb-extends\esb-extends-pojo/src/main/java/com/deppon/esb/pojo/transformer/jaxb/PositionInfoTrans.java
O:\trunk\CODE\esb-extends\esb-extends-pojo/src/main/java/com/deppon/esb/pojo/transformer/jaxb/RoleInfoTrans.java
O:\trunk\CODE\esb-extends\esb-extends-pojo/src/main/java/com/deppon/esb/pojo/transformer/jaxb/SendAdminOrgProcessReultTrans.java
O:\trunk\CODE\esb-extends\esb-extends-pojo/src/main/java/com/deppon/esb/pojo/transformer/jaxb/SendAdminOrgRequestTrans.java
O:\trunk\CODE\esb-extends\esb-extends-pojo/src/main/java/com/deppon/esb/pojo/transformer/jaxb/SendAdminOrgResponseTrans.java
O:\trunk\CODE\esb-extends\esb-extends-pojo/src/main/java/com/deppon/esb/pojo/transformer/jaxb/SendCompanyInfoProcessReultTrans.java
O:\trunk\CODE\esb-extends\esb-extends-pojo/src/main/java/com/deppon/esb/pojo/transformer/jaxb/SendCompanyInfoRequestTrans.java
O:\trunk\CODE\esb-extends\esb-extends-pojo/src/main/java/com/deppon/esb/pojo/transformer/jaxb/SendCompanyInfoResponseTrans.java
O:\trunk\CODE\esb-extends\esb-extends-pojo/src/main/java/com/deppon/esb/pojo/transformer/jaxb/SendDegreeProcessReultTrans.java
O:\trunk\CODE\esb-extends\esb-extends-pojo/src/main/java/com/deppon/esb/pojo/transformer/jaxb/SendDegreeRequestTrans.java
O:\trunk\CODE\esb-extends\esb-extends-pojo/src/main/java/com/deppon/esb/pojo/transformer/jaxb/SendDegreeResponseTrans.java
O:\trunk\CODE\esb-extends\esb-extends-pojo/src/main/java/com/deppon/esb/pojo/transformer/jaxb/SendEmployeeProcessReultTrans.java
O:\trunk\CODE\esb-extends\esb-extends-pojo/src/main/java/com/deppon/esb/pojo/transformer/jaxb/SendEmployeeRequestTrans.java
O:\trunk\CODE\esb-extends\esb-extends-pojo/src/main/java/com/deppon/esb/pojo/transformer/jaxb/SendEmployeeResponseTrans.java
O:\trunk\CODE\esb-extends\esb-extends-pojo/src/main/java/com/deppon/esb/pojo/transformer/jaxb/SendFinancialOrgProcessReultTrans.java
O:\trunk\CODE\esb-extends\esb-extends-pojo/src/main/java/com/deppon/esb/pojo/transformer/jaxb/SendFinancialOrgRequestTrans.java
O:\trunk\CODE\esb-extends\esb-extends-pojo/src/main/java/com/deppon/esb/pojo/transformer/jaxb/SendFinancialOrgResponseTrans.java
O:\trunk\CODE\esb-extends\esb-extends-pojo/src/main/java/com/deppon/esb/pojo/transformer/jaxb/SendPositionProcessReultTrans.java
O:\trunk\CODE\esb-extends\esb-extends-pojo/src/main/java/com/deppon/esb/pojo/transformer/jaxb/SendPositionRequestTrans.java
O:\trunk\CODE\esb-extends\esb-extends-pojo/src/main/java/com/deppon/esb/pojo/transformer/jaxb/SendPositionResponseTrans.java
O:\trunk\CODE\esb-extends\esb-extends-pojo/src/main/java/com/deppon/esb/pojo/transformer/jaxb/SendRoleInfoProcessReultTrans.java
O:\trunk\CODE\esb-extends\esb-extends-pojo/src/main/java/com/deppon/esb/pojo/transformer/jaxb/SendRoleInfoRequestTrans.java
O:\trunk\CODE\esb-extends\esb-extends-pojo/src/main/java/com/deppon/esb/pojo/transformer/jaxb/SendRoleInfoResponseTrans.java
O:\trunk\CODE\esb-extends\esb-extends-pojo/src/main/java/com/deppon/esb/pojo/transformer/jaxb/SendUserInfoProcessReultTrans.java
O:\trunk\CODE\esb-extends\esb-extends-pojo/src/main/java/com/deppon/esb/pojo/transformer/jaxb/SendUserInfoRequestTrans.java
O:\trunk\CODE\esb-extends\esb-extends-pojo/src/main/java/com/deppon/esb/pojo/transformer/jaxb/SendUserInfoResponseTrans.java
O:\trunk\CODE\esb-extends\esb-extends-pojo/src/main/java/com/deppon/esb/pojo/transformer/jaxb/UserInfoTrans.java
O:\trunk\CODE\esb-extends\esb-extends-pojo/src/main/java/com/deppon/esb/pojo/transformer/jaxb/UserRoleInfoTrans.java
O:\trunk\CODE\esb-extends\esb-extends-pojo/src/main/java/com/deppon/esb/pojo/transformer/jaxb/Adapter1Trans.java
Thu Dec 20 11:50:54 CST 2012==end========================Thu Dec 27 15:37:57 CST 2012==start========================
Thu Dec 27 15:37:57 CST 2012==end========================Thu Dec 27 15:40:28 CST 2012==start========================
O:\trunk\CODE\esb-extends\esb-extends-pojo/src/main/java/com/deppon/esb/pojo/transformer/jaxb/DepartmentInfoTrans.java
O:\trunk\CODE\esb-extends\esb-extends-pojo/src/main/java/com/deppon/esb/pojo/transformer/jaxb/DistrictInfoTrans.java
O:\trunk\CODE\esb-extends\esb-extends-pojo/src/main/java/com/deppon/esb/pojo/transformer/jaxb/FailInfoTrans.java
O:\trunk\CODE\esb-extends\esb-extends-pojo/src/main/java/com/deppon/esb/pojo/transformer/jaxb/OrganizationInfoTrans.java
O:\trunk\CODE\esb-extends\esb-extends-pojo/src/main/java/com/deppon/esb/pojo/transformer/jaxb/SyncDistrictRequestTrans.java
O:\trunk\CODE\esb-extends\esb-extends-pojo/src/main/java/com/deppon/esb/pojo/transformer/jaxb/SyncDistrictResponseTrans.java
O:\trunk\CODE\esb-extends\esb-extends-pojo/src/main/java/com/deppon/esb/pojo/transformer/jaxb/SyncOrganizationRequestTrans.java
O:\trunk\CODE\esb-extends\esb-extends-pojo/src/main/java/com/deppon/esb/pojo/transformer/jaxb/SyncOrganizationResponseTrans.java
O:\trunk\CODE\esb-extends\esb-extends-pojo/src/main/java/com/deppon/esb/pojo/transformer/jaxb/SyncSalesDepartmentRequestTrans.java
O:\trunk\CODE\esb-extends\esb-extends-pojo/src/main/java/com/deppon/esb/pojo/transformer/jaxb/SyncSalesDepartmentResponseTrans.java
Thu Dec 27 15:40:28 CST 2012==end========================