2012-03-26 15:22:08,549 [main] INFO  org.java.plugin.registry.xml.ManifestParser got SAX parser factory - com.sun.org.apache.xerces.internal.jaxp.SAXParserFactoryImpl@16c79d7
2012-03-26 15:22:08,550 [main] INFO  org.java.plugin.registry.xml.PluginRegistryImpl configured, stopOnError=false, isValidating=true
2012-03-26 15:22:08,645 [main] ERROR org.java.plugin.registry.xml.ManifestHandler failed parsing XML resource in validating mode
org.xml.sax.SAXParseException: The content of element type "plugin" must match "(doc?,attributes?,requires?,runtime?,extension-point*,extension*)".
	at com.sun.org.apache.xerces.internal.util.ErrorHandlerWrapper.createSAXParseException(ErrorHandlerWrapper.java:195)
	at com.sun.org.apache.xerces.internal.util.ErrorHandlerWrapper.error(ErrorHandlerWrapper.java:131)
	at com.sun.org.apache.xerces.internal.impl.XMLErrorReporter.reportError(XMLErrorReporter.java:384)
	at com.sun.org.apache.xerces.internal.impl.XMLErrorReporter.reportError(XMLErrorReporter.java:318)
	at com.sun.org.apache.xerces.internal.impl.dtd.XMLDTDValidator.handleEndElement(XMLDTDValidator.java:2017)
	at com.sun.org.apache.xerces.internal.impl.dtd.XMLDTDValidator.endElement(XMLDTDValidator.java:901)
	at com.sun.org.apache.xerces.internal.impl.XMLDocumentFragmentScannerImpl.scanEndElement(XMLDocumentFragmentScannerImpl.java:1772)
	at com.sun.org.apache.xerces.internal.impl.XMLDocumentFragmentScannerImpl$FragmentContentDriver.next(XMLDocumentFragmentScannerImpl.java:2923)
	at com.sun.org.apache.xerces.internal.impl.XMLDocumentScannerImpl.next(XMLDocumentScannerImpl.java:645)
	at com.sun.org.apache.xerces.internal.impl.XMLDocumentFragmentScannerImpl.scanDocument(XMLDocumentFragmentScannerImpl.java:508)
	at com.sun.org.apache.xerces.internal.parsers.XML11Configuration.parse(XML11Configuration.java:807)
	at com.sun.org.apache.xerces.internal.parsers.XML11Configuration.parse(XML11Configuration.java:737)
	at com.sun.org.apache.xerces.internal.parsers.XMLParser.parse(XMLParser.java:107)
	at com.sun.org.apache.xerces.internal.parsers.AbstractSAXParser.parse(AbstractSAXParser.java:1205)
	at com.sun.org.apache.xerces.internal.jaxp.SAXParserImpl$JAXPSAXParser.parse(SAXParserImpl.java:522)
	at javax.xml.parsers.SAXParser.parse(SAXParser.java:395)
	at javax.xml.parsers.SAXParser.parse(SAXParser.java:198)
	at org.java.plugin.registry.xml.ManifestParser.parseManifest(ManifestParser.java:118)
	at org.java.plugin.registry.xml.PluginRegistryImpl.register(PluginRegistryImpl.java:187)
	at org.java.plugin.standard.StandardPluginManager.publishPlugins(StandardPluginManager.java:186)
	at org.java.plugin.boot.DefaultApplicationInitializer.initApplication(DefaultApplicationInitializer.java:281)
	at org.java.plugin.boot.Boot.initApplication(Boot.java:538)
	at org.java.plugin.boot.Boot.boot(Boot.java:343)
	at org.java.plugin.boot.Boot.main(Boot.java:243)
2012-03-26 15:22:08,648 [main] ERROR org.java.plugin.registry.xml.PluginRegistryImpl can't parse manifest file file:/F:/FOSS_2/FOSS/new-maven-client/client/appHome/plugins/init/plugin.xml
org.xml.sax.SAXParseException: The content of element type "plugin" must match "(doc?,attributes?,requires?,runtime?,extension-point*,extension*)".
	at com.sun.org.apache.xerces.internal.util.ErrorHandlerWrapper.createSAXParseException(ErrorHandlerWrapper.java:195)
	at com.sun.org.apache.xerces.internal.util.ErrorHandlerWrapper.error(ErrorHandlerWrapper.java:131)
	at com.sun.org.apache.xerces.internal.impl.XMLErrorReporter.reportError(XMLErrorReporter.java:384)
	at com.sun.org.apache.xerces.internal.impl.XMLErrorReporter.reportError(XMLErrorReporter.java:318)
	at com.sun.org.apache.xerces.internal.impl.dtd.XMLDTDValidator.handleEndElement(XMLDTDValidator.java:2017)
	at com.sun.org.apache.xerces.internal.impl.dtd.XMLDTDValidator.endElement(XMLDTDValidator.java:901)
	at com.sun.org.apache.xerces.internal.impl.XMLDocumentFragmentScannerImpl.scanEndElement(XMLDocumentFragmentScannerImpl.java:1772)
	at com.sun.org.apache.xerces.internal.impl.XMLDocumentFragmentScannerImpl$FragmentContentDriver.next(XMLDocumentFragmentScannerImpl.java:2923)
	at com.sun.org.apache.xerces.internal.impl.XMLDocumentScannerImpl.next(XMLDocumentScannerImpl.java:645)
	at com.sun.org.apache.xerces.internal.impl.XMLDocumentFragmentScannerImpl.scanDocument(XMLDocumentFragmentScannerImpl.java:508)
	at com.sun.org.apache.xerces.internal.parsers.XML11Configuration.parse(XML11Configuration.java:807)
	at com.sun.org.apache.xerces.internal.parsers.XML11Configuration.parse(XML11Configuration.java:737)
	at com.sun.org.apache.xerces.internal.parsers.XMLParser.parse(XMLParser.java:107)
	at com.sun.org.apache.xerces.internal.parsers.AbstractSAXParser.parse(AbstractSAXParser.java:1205)
	at com.sun.org.apache.xerces.internal.jaxp.SAXParserImpl$JAXPSAXParser.parse(SAXParserImpl.java:522)
	at javax.xml.parsers.SAXParser.parse(SAXParser.java:395)
	at javax.xml.parsers.SAXParser.parse(SAXParser.java:198)
	at org.java.plugin.registry.xml.ManifestParser.parseManifest(ManifestParser.java:118)
	at org.java.plugin.registry.xml.PluginRegistryImpl.register(PluginRegistryImpl.java:187)
	at org.java.plugin.standard.StandardPluginManager.publishPlugins(StandardPluginManager.java:186)
	at org.java.plugin.boot.DefaultApplicationInitializer.initApplication(DefaultApplicationInitializer.java:281)
	at org.java.plugin.boot.Boot.initApplication(Boot.java:538)
	at org.java.plugin.boot.Boot.boot(Boot.java:343)
	at org.java.plugin.boot.Boot.main(Boot.java:243)
2012-03-26 15:22:08,668 [main] ERROR org.java.plugin.registry.xml.ManifestHandler failed parsing XML resource in validating mode
org.xml.sax.SAXParseException: The content of element type "plugin" must match "(doc?,attributes?,requires?,runtime?,extension-point*,extension*)".
	at com.sun.org.apache.xerces.internal.util.ErrorHandlerWrapper.createSAXParseException(ErrorHandlerWrapper.java:195)
	at com.sun.org.apache.xerces.internal.util.ErrorHandlerWrapper.error(ErrorHandlerWrapper.java:131)
	at com.sun.org.apache.xerces.internal.impl.XMLErrorReporter.reportError(XMLErrorReporter.java:384)
	at com.sun.org.apache.xerces.internal.impl.XMLErrorReporter.reportError(XMLErrorReporter.java:318)
	at com.sun.org.apache.xerces.internal.impl.dtd.XMLDTDValidator.handleEndElement(XMLDTDValidator.java:2017)
	at com.sun.org.apache.xerces.internal.impl.dtd.XMLDTDValidator.endElement(XMLDTDValidator.java:901)
	at com.sun.org.apache.xerces.internal.impl.XMLDocumentFragmentScannerImpl.scanEndElement(XMLDocumentFragmentScannerImpl.java:1772)
	at com.sun.org.apache.xerces.internal.impl.XMLDocumentFragmentScannerImpl$FragmentContentDriver.next(XMLDocumentFragmentScannerImpl.java:2923)
	at com.sun.org.apache.xerces.internal.impl.XMLDocumentScannerImpl.next(XMLDocumentScannerImpl.java:645)
	at com.sun.org.apache.xerces.internal.impl.XMLDocumentFragmentScannerImpl.scanDocument(XMLDocumentFragmentScannerImpl.java:508)
	at com.sun.org.apache.xerces.internal.parsers.XML11Configuration.parse(XML11Configuration.java:807)
	at com.sun.org.apache.xerces.internal.parsers.XML11Configuration.parse(XML11Configuration.java:737)
	at com.sun.org.apache.xerces.internal.parsers.XMLParser.parse(XMLParser.java:107)
	at com.sun.org.apache.xerces.internal.parsers.AbstractSAXParser.parse(AbstractSAXParser.java:1205)
	at com.sun.org.apache.xerces.internal.jaxp.SAXParserImpl$JAXPSAXParser.parse(SAXParserImpl.java:522)
	at javax.xml.parsers.SAXParser.parse(SAXParser.java:395)
	at javax.xml.parsers.SAXParser.parse(SAXParser.java:198)
	at org.java.plugin.registry.xml.ManifestParser.parseManifest(ManifestParser.java:118)
	at org.java.plugin.registry.xml.PluginRegistryImpl.register(PluginRegistryImpl.java:187)
	at org.java.plugin.standard.StandardPluginManager.publishPlugins(StandardPluginManager.java:186)
	at org.java.plugin.boot.DefaultApplicationInitializer.initApplication(DefaultApplicationInitializer.java:281)
	at org.java.plugin.boot.Boot.initApplication(Boot.java:538)
	at org.java.plugin.boot.Boot.boot(Boot.java:343)
	at org.java.plugin.boot.Boot.main(Boot.java:243)
2012-03-26 15:22:08,668 [main] ERROR org.java.plugin.registry.xml.PluginRegistryImpl can't parse manifest file file:/F:/FOSS_2/FOSS/new-maven-client/client/appHome/plugins/mainframe/plugin.xml
org.xml.sax.SAXParseException: The content of element type "plugin" must match "(doc?,attributes?,requires?,runtime?,extension-point*,extension*)".
	at com.sun.org.apache.xerces.internal.util.ErrorHandlerWrapper.createSAXParseException(ErrorHandlerWrapper.java:195)
	at com.sun.org.apache.xerces.internal.util.ErrorHandlerWrapper.error(ErrorHandlerWrapper.java:131)
	at com.sun.org.apache.xerces.internal.impl.XMLErrorReporter.reportError(XMLErrorReporter.java:384)
	at com.sun.org.apache.xerces.internal.impl.XMLErrorReporter.reportError(XMLErrorReporter.java:318)
	at com.sun.org.apache.xerces.internal.impl.dtd.XMLDTDValidator.handleEndElement(XMLDTDValidator.java:2017)
	at com.sun.org.apache.xerces.internal.impl.dtd.XMLDTDValidator.endElement(XMLDTDValidator.java:901)
	at com.sun.org.apache.xerces.internal.impl.XMLDocumentFragmentScannerImpl.scanEndElement(XMLDocumentFragmentScannerImpl.java:1772)
	at com.sun.org.apache.xerces.internal.impl.XMLDocumentFragmentScannerImpl$FragmentContentDriver.next(XMLDocumentFragmentScannerImpl.java:2923)
	at com.sun.org.apache.xerces.internal.impl.XMLDocumentScannerImpl.next(XMLDocumentScannerImpl.java:645)
	at com.sun.org.apache.xerces.internal.impl.XMLDocumentFragmentScannerImpl.scanDocument(XMLDocumentFragmentScannerImpl.java:508)
	at com.sun.org.apache.xerces.internal.parsers.XML11Configuration.parse(XML11Configuration.java:807)
	at com.sun.org.apache.xerces.internal.parsers.XML11Configuration.parse(XML11Configuration.java:737)
	at com.sun.org.apache.xerces.internal.parsers.XMLParser.parse(XMLParser.java:107)
	at com.sun.org.apache.xerces.internal.parsers.AbstractSAXParser.parse(AbstractSAXParser.java:1205)
	at com.sun.org.apache.xerces.internal.jaxp.SAXParserImpl$JAXPSAXParser.parse(SAXParserImpl.java:522)
	at javax.xml.parsers.SAXParser.parse(SAXParser.java:395)
	at javax.xml.parsers.SAXParser.parse(SAXParser.java:198)
	at org.java.plugin.registry.xml.ManifestParser.parseManifest(ManifestParser.java:118)
	at org.java.plugin.registry.xml.PluginRegistryImpl.register(PluginRegistryImpl.java:187)
	at org.java.plugin.standard.StandardPluginManager.publishPlugins(StandardPluginManager.java:186)
	at org.java.plugin.boot.DefaultApplicationInitializer.initApplication(DefaultApplicationInitializer.java:281)
	at org.java.plugin.boot.Boot.initApplication(Boot.java:538)
	at org.java.plugin.boot.Boot.boot(Boot.java:343)
	at org.java.plugin.boot.Boot.main(Boot.java:243)
2012-03-26 15:22:08,708 [main] INFO  org.java.plugin.registry.xml.PluginRegistryImpl plug-in and fragment descriptors registered - 4
2012-03-26 15:22:28,018 [main] INFO  org.java.plugin.standard.StandardPluginManager plug-in started - com.deppon.foss.module.boot@0.0.1
